

                            MrBayes 3.2.7a x86_64

                      (Bayesian Analysis of Phylogeny)

              Distributed under the GNU General Public License


               Type "help" or "help <command>" for information
                     on the commands that are available.

                   Type "about" for authorship and general
                       information about the program.



   Executing file "./mito_genes/cox2.nexus"
   DOS line termination
   Longest line length = 119
   Parsing file
   Expecting NEXUS formatted file
   Reading taxa block
      Allocated taxon set
      Defining new set of 50 taxa
   Exiting taxa block
   Reading characters block
      Allocated matrix
      Defining new character matrix with 902 characters
      Missing data coded as ?
      Gaps coded as -
      Matching characters coded as .
      Data is Dna
      Taxon  1 -> Alectoria_fallacina
      Taxon  2 -> Cladonia_apodocarpa
      Taxon  3 -> Cladonia_caroliniana
      Taxon  4 -> Cladonia_furcata
      Taxon  5 -> Cladonia_leporina
      Taxon  6 -> Cladonia_petrophila
      Taxon  7 -> Cladonia_peziziformis
      Taxon  8 -> Cladonia_rangiferina
      Taxon  9 -> Cladonia_robbinsii
      Taxon 10 -> Cladonia_stipitata
      Taxon 11 -> Cladonia_subtenuis
      Taxon 12 -> Cladonia_uncialis
      Taxon 13 -> Coccocarpia_palmicola
      Taxon 14 -> Gomphillus_americanus
      Taxon 15 -> Graphis_lineola
      Taxon 16 -> Heterodermia_albicans
      Taxon 17 -> Heterodermia_appalachensis
      Taxon 18 -> Heterodermia_casarettiana
      Taxon 19 -> Heterodermia_echinata
      Taxon 20 -> Heterodermia_speciosa1
      Taxon 21 -> Heterodermia_squamulosa
      Taxon 22 -> Hypogymnia_vittata
      Taxon 23 -> Icmadophila_ericetorum
      Taxon 24 -> Imshaugia_aleurites
      Taxon 25 -> Lecanora_cenereofusca
      Taxon 26 -> Lecanora_saxigena
      Taxon 27 -> Lepraria_oxybapha
      Taxon 28 -> Leptogium_hirsutum
      Taxon 29 -> Menegazzia_subsimilis
      Taxon 30 -> Parmotrema_austrosinense
      Taxon 31 -> Parmotrema_cetratum
      Taxon 32 -> Parmotrema_Crinitum
      Taxon 33 -> Parmotrema_diffractaicum
      Taxon 34 -> Parmotrema_internexum
      Taxon 35 -> Parmotrema_margaritatum
      Taxon 36 -> Parmotrema_mellissii
      Taxon 37 -> Parmotrema_neotropicum
      Taxon 38 -> Parmotrema_stuppeum
      Taxon 39 -> Parmotrema_Ultralucens
      Taxon 40 -> Arthonia_susa
      Taxon 41 -> Mycocalicium_subtile
      Taxon 42 -> Pertusaria_obruta
      Taxon 43 -> Pertusaria_plittiana
      Taxon 44 -> Usnea_cornuta
      Taxon 45 -> Usnea_halei
      Taxon 46 -> Usnea_mutabilis
      Taxon 47 -> Usnea_pensylvanica
      Taxon 48 -> Usnea_subfusca
      Taxon 49 -> Usnea_subgracilis
      Taxon 50 -> Usnea_subscabrosa
      Successfully read matrix
      Setting default partition (does not divide up characters)
      Setting model defaults
      Seed (for generating default start values) = 1554993531
      Setting output file names to "./mito_genes/cox2.nexus.run<i>.<p|t>"
   Exiting characters block
   Reading mrbayes block
      Setting nowarnings to yes
      Setting autoclose to yes
      Setting Nst to 6
      Setting Rates to Gamma
      Successfully set likelihood model parameters
      Setting number of generations to 20000
      Setting burnin fraction to 0.25
      Setting sample frequency to 100
      Setting print frequency to 1000
      Setting diagnosing frequency to 1000
      WARNING: Reallocation of zero size attempted. This is probably a bug. Problems may follow.
      WARNING: Reallocation of zero size attempted. This is probably a bug. Problems may follow.
      Setting number of runs to 3
      WARNING: Allocation of zero size attempted. This is probably a bug; problems may follow.
      Setting number of chains to 3
      Setting heating parameter to 0.400000
      Setting swap frequency to 10
      Setting chain output file names to "./mito_genes/cox2.nexus.run<i>.<p/t>"
      Successfully set chain parameters
      Running Markov chain
      MCMC stamp = 9601728176
      Seed = 144338163
      Swapseed = 1554993531
      Model settings:

         Data not partitioned --
            Datatype  = DNA
            Nucmodel  = 4by4
            Nst       = 6
                        Substitution rates, expressed as proportions
                        of the rate sum, have a Dirichlet prior
                        (1.00,1.00,1.00,1.00,1.00,1.00)
            Covarion  = No
            # States  = 4
                        State frequencies have a Dirichlet prior
                        (1.00,1.00,1.00,1.00)
            Rates     = Gamma
                        The distribution is approximated using 4 categories.
                        Shape parameter is exponentially
                        distributed with parameter (1.00).

      Active parameters: 

         Parameters
         ---------------------
         Revmat              1
         Statefreq           2
         Shape               3
         Ratemultiplier      4
         Topology            5
         Brlens              6
         ---------------------

         1 --  Parameter  = Revmat
               Type       = Rates of reversible rate matrix
               Prior      = Dirichlet(1.00,1.00,1.00,1.00,1.00,1.00)

         2 --  Parameter  = Pi
               Type       = Stationary state frequencies
               Prior      = Dirichlet

         3 --  Parameter  = Alpha
               Type       = Shape of scaled gamma distribution of site rates
               Prior      = Exponential(1.00)

         4 --  Parameter  = Ratemultiplier
               Type       = Partition-specific rate multiplier
               Prior      = Fixed(1.0)

         5 --  Parameter  = Tau
               Type       = Topology
               Prior      = All topologies equally probable a priori
               Subparam.  = V

         6 --  Parameter  = V
               Type       = Branch lengths
               Prior      = Unconstrained:GammaDir(1.0,0.1000,1.0,1.0)



      The MCMC sampler will use the following moves:
         With prob.  Chain will use move
            0.94 %   Dirichlet(Revmat)
            0.94 %   Slider(Revmat)
            0.94 %   Dirichlet(Pi)
            0.94 %   Slider(Pi)
            1.89 %   Multiplier(Alpha)
            9.43 %   ExtSPR(Tau,V)
            9.43 %   ExtTBR(Tau,V)
            9.43 %   NNI(Tau,V)
            9.43 %   ParsSPR(Tau,V)
           37.74 %   Multiplier(V)
           13.21 %   Nodeslider(V)
            5.66 %   TLMultiplier(V)

      Division 1 has 579 unique site patterns
      Initializing conditional likelihoods
      Using standard AVX likelihood calculator for division 1 (single-precision)

      Initial log likelihoods and log prior probs for run 1:
         Chain 1 -- -22113.063106 -- 113.409609
         Chain 2 -- -22379.733518 -- 113.409609
         Chain 3 -- -23232.257586 -- 113.409609

      Initial log likelihoods and log prior probs for run 2:
         Chain 1 -- -23049.394542 -- 113.409609
         Chain 2 -- -23271.900750 -- 113.409609
         Chain 3 -- -21791.197419 -- 113.409609

      Initial log likelihoods and log prior probs for run 3:
         Chain 1 -- -22367.182372 -- 113.409609
         Chain 2 -- -22480.231124 -- 113.409609
         Chain 3 -- -22529.199593 -- 113.409609


      Using a relative burnin of 25.0 % for diagnostics

      Chain results (20000 generations requested):

          0 -- [-22113.063] (-22379.734) (-23232.258) * [-23049.395] (-23271.901) (-21791.197) * [-22367.182] (-22480.231) .. 
       1000 -- (-12685.635) (-12981.127) [-12296.111] * (-13333.546) (-12896.029) [-12444.447] * [-12523.089] (-12850.900) .. -- 0:00:57

      Average standard deviation of split frequencies: 0.131743

       2000 -- (-11823.231) [-11665.620] (-11711.958) * (-11924.926) [-11719.245] (-11794.583) * (-11797.153) (-11748.097) .. -- 0:00:45

      Average standard deviation of split frequencies: 0.162443

       3000 -- (-11624.808) [-11481.287] (-11600.316) * (-11590.857) [-11485.630] (-11569.134) * (-11603.508) (-11544.317) .. -- 0:00:45

      Average standard deviation of split frequencies: 0.144870

       4000 -- (-11509.871) [-11420.251] (-11462.570) * (-11513.709) [-11417.357] (-11443.084) * (-11534.109) (-11471.073) .. -- 0:00:40

      Average standard deviation of split frequencies: 0.140983

       5000 -- (-11475.473) [-11401.239] (-11418.800) * (-11511.424) [-11397.876] (-11442.958) * (-11483.670) (-11429.202) .. -- 0:00:39

      Average standard deviation of split frequencies: 0.140022

       6000 -- (-11472.080) [-11394.250] (-11435.980) * (-11447.812) [-11388.431] (-11430.422) * (-11462.824) (-11437.725) .. -- 0:00:39

      Average standard deviation of split frequencies: 0.145448

       7000 -- (-11451.139) [-11390.390] (-11403.528) * (-11443.836) [-11397.134] (-11414.602) * (-11455.011) (-11401.185) .. -- 0:00:35

      Average standard deviation of split frequencies: 0.147651

       8000 -- (-11451.305) [-11387.259] (-11416.046) * (-11436.053) [-11392.495] (-11450.743) * (-11443.376) (-11423.563) .. -- 0:00:33

      Average standard deviation of split frequencies: 0.146888

       9000 -- (-11459.218) [-11388.061] (-11405.470) * (-11454.426) [-11377.778] (-11413.711) * (-11421.552) (-11426.401) .. -- 0:00:29

      Average standard deviation of split frequencies: 0.145522

      10000 -- (-11461.221) [-11387.803] (-11422.503) * (-11433.253) [-11378.098] (-11416.855) * (-11404.401) (-11446.775) .. -- 0:00:27

      Average standard deviation of split frequencies: 0.145480

      11000 -- (-11461.338) [-11379.942] (-11423.502) * (-11399.279) [-11382.606] (-11435.045) * (-11407.041) (-11480.391) .. -- 0:00:23

      Average standard deviation of split frequencies: 0.139385

      12000 -- (-11457.881) [-11399.975] (-11410.571) * (-11423.264) [-11381.081] (-11439.947) * (-11393.184) (-11469.220) .. -- 0:00:21

      Average standard deviation of split frequencies: 0.133228

      13000 -- (-11463.401) [-11379.779] (-11398.390) * (-11420.646) [-11410.170] (-11441.646) * (-11399.715) (-11453.163) .. -- 0:00:18

      Average standard deviation of split frequencies: 0.130925

      14000 -- (-11453.029) [-11395.562] (-11400.808) * (-11432.106) [-11398.803] (-11446.153) * (-11422.944) (-11466.533) .. -- 0:00:15

      Average standard deviation of split frequencies: 0.127702

      15000 -- (-11473.510) [-11375.768] (-11418.783) * (-11422.603) [-11389.214] (-11443.931) * (-11413.918) (-11457.612) .. -- 0:00:13

      Average standard deviation of split frequencies: 0.131002

      16000 -- (-11449.105) [-11394.606] (-11409.864) * (-11419.170) [-11386.321] (-11453.545) * (-11411.839) (-11447.703) .. -- 0:00:10

      Average standard deviation of split frequencies: 0.132419

      17000 -- (-11450.352) [-11395.616] (-11408.433) * (-11402.322) [-11388.820] (-11498.847) * (-11404.618) (-11477.001) .. -- 0:00:07

      Average standard deviation of split frequencies: 0.129566

      18000 -- (-11466.795) [-11381.124] (-11411.311) * (-11424.586) [-11380.061] (-11417.747) * (-11415.237) (-11427.037) .. -- 0:00:05

      Average standard deviation of split frequencies: 0.126664

      19000 -- (-11445.631) [-11380.142] (-11393.350) * (-11442.511) [-11397.428] (-11416.033) * (-11405.119) (-11419.620) .. -- 0:00:02

      Average standard deviation of split frequencies: 0.123466
      20000 -- (-11450.376) [-11387.472] (-11419.402) * (-11456.476) [-11397.994] (-11408.470) * (-11420.606) (-11466.839) .. -- 0:00:00

      Average standard deviation of split frequencies: 0.122828

      Analysis completed in 51 seconds
      Analysis used 50.03 seconds of CPU time
      Likelihood of best state for "cold" chain of run 1 was -11370.37
      Likelihood of best state for "cold" chain of run 2 was -11379.68
      Likelihood of best state for "cold" chain of run 3 was -11413.75

      Acceptance rates for the moves in the "cold" chain of run 1:
         With prob.   (last 100)   chain accepted proposals by move
            19.1 %     ( 24 %)     Dirichlet(Revmat)
            44.6 %     ( 49 %)     Slider(Revmat)
            10.1 %     ( 11 %)     Dirichlet(Pi)
            20.3 %     ( 23 %)     Slider(Pi)
            18.5 %     ( 21 %)     Multiplier(Alpha)
             6.0 %     (  7 %)     ExtSPR(Tau,V)
             5.8 %     (  3 %)     ExtTBR(Tau,V)
            10.8 %     (  9 %)     NNI(Tau,V)
             9.3 %     (  4 %)     ParsSPR(Tau,V)
            48.4 %     ( 44 %)     Multiplier(V)
            36.1 %     ( 34 %)     Nodeslider(V)
            13.7 %     ( 10 %)     TLMultiplier(V)

      Acceptance rates for the moves in the "cold" chain of run 2:
         With prob.   (last 100)   chain accepted proposals by move
            18.9 %     ( 16 %)     Dirichlet(Revmat)
            45.3 %     ( 39 %)     Slider(Revmat)
            13.3 %     ( 14 %)     Dirichlet(Pi)
            18.8 %     ( 21 %)     Slider(Pi)
            19.8 %     ( 15 %)     Multiplier(Alpha)
             7.1 %     (  8 %)     ExtSPR(Tau,V)
             6.0 %     (  4 %)     ExtTBR(Tau,V)
            10.4 %     (  7 %)     NNI(Tau,V)
             9.7 %     (  7 %)     ParsSPR(Tau,V)
            48.4 %     ( 38 %)     Multiplier(V)
            38.2 %     ( 33 %)     Nodeslider(V)
            15.0 %     ( 12 %)     TLMultiplier(V)

      Acceptance rates for the moves in the "cold" chain of run 3:
         With prob.   (last 100)   chain accepted proposals by move
            19.1 %     ( 17 %)     Dirichlet(Revmat)
            45.5 %     ( 46 %)     Slider(Revmat)
             6.7 %     (  3 %)     Dirichlet(Pi)
            12.2 %     ( 14 %)     Slider(Pi)
            17.1 %     ( 12 %)     Multiplier(Alpha)
             8.8 %     (  8 %)     ExtSPR(Tau,V)
             6.6 %     (  5 %)     ExtTBR(Tau,V)
            10.3 %     (  5 %)     NNI(Tau,V)
             8.9 %     (  5 %)     ParsSPR(Tau,V)
            49.0 %     ( 41 %)     Multiplier(V)
            36.5 %     ( 28 %)     Nodeslider(V)
            14.1 %     ( 12 %)     TLMultiplier(V)

      Chain swap information for run 1:

                 1     2     3 
           --------------------
         1 |        0.00  0.00 
         2 |   673        0.02 
         3 |   654   673       

      Chain swap information for run 2:

                 1     2     3 
           --------------------
         1 |        0.00  0.00 
         2 |   656        0.03 
         3 |   689   655       

      Chain swap information for run 3:

                 1     2     3 
           --------------------
         1 |        0.01  0.00 
         2 |   630        0.03 
         3 |   645   725       

      Upper diagonal: Proportion of successful state exchanges between chains
      Lower diagonal: Number of attempted state exchanges between chains

      Chain information:

        ID -- Heat 
       -----------
         1 -- 1.00  (cold chain)
         2 -- 0.71 
         3 -- 0.56 

      Heat = 1 / (1 + T * (ID - 1))
         (where T = 0.40 is the temperature and ID is the chain number)


      ************************* WARNING!! ************************************  
      MrBayes suspects that your runs have not converged because the tree       
      samples are very different (average standard deviation of split frequen-  
      cies larger than 0.10 (0.12)). MrBayes suggests that you run the ana-   
      lysis longer or try to improve the MCMC sampling efficiency by fine-      
      tuning MCMC proposal or heating parameters.                               
   Exiting mrbayes block
   Reached end of file

   Tasks completed, exiting program because mode is noninteractive
   To return control to the command line after completion of file processing, 
   set mode to interactive with 'mb -i <filename>' (i is for interactive)
   or use 'set mode=interactive'

