

                            MrBayes 3.2.7a x86_64

                      (Bayesian Analysis of Phylogeny)

              Distributed under the GNU General Public License


               Type "help" or "help <command>" for information
                     on the commands that are available.

                   Type "about" for authorship and general
                       information about the program.



   Executing file "./mito_genes/cox3.nexus"
   DOS line termination
   Longest line length = 119
   Parsing file
   Expecting NEXUS formatted file
   Reading taxa block
      Allocated taxon set
      Defining new set of 50 taxa
   Exiting taxa block
   Reading characters block
      Allocated matrix
      Defining new character matrix with 874 characters
      Missing data coded as ?
      Gaps coded as -
      Matching characters coded as .
      Data is Dna
      Taxon  1 -> Alectoria_fallacina
      Taxon  2 -> Cladonia_apodocarpa
      Taxon  3 -> Cladonia_caroliniana
      Taxon  4 -> Cladonia_furcata
      Taxon  5 -> Cladonia_leporina
      Taxon  6 -> Cladonia_petrophila
      Taxon  7 -> Cladonia_peziziformis
      Taxon  8 -> Cladonia_rangiferina
      Taxon  9 -> Cladonia_robbinsii
      Taxon 10 -> Cladonia_stipitata
      Taxon 11 -> Cladonia_subtenuis
      Taxon 12 -> Cladonia_uncialis
      Taxon 13 -> Coccocarpia_palmicola
      Taxon 14 -> Gomphillus_americanus
      Taxon 15 -> Graphis_lineola
      Taxon 16 -> Heterodermia_albicans
      Taxon 17 -> Heterodermia_appalachensis
      Taxon 18 -> Heterodermia_casarettiana
      Taxon 19 -> Heterodermia_echinata
      Taxon 20 -> Heterodermia_speciosa1
      Taxon 21 -> Heterodermia_speciosa2
      Taxon 22 -> Heterodermia_squamulosa
      Taxon 23 -> Hypogymnia_vittata
      Taxon 24 -> Icmadophila_ericetorum
      Taxon 25 -> Imshaugia_aleurites
      Taxon 26 -> Lecanora_cenereofusca
      Taxon 27 -> Lecanora_saxigena
      Taxon 28 -> Lepraria_oxybapha
      Taxon 29 -> Leptogium_hirsutum
      Taxon 30 -> Menegazzia_subsimilis
      Taxon 31 -> Parmotrema_austrosinense
      Taxon 32 -> Parmotrema_cetratum
      Taxon 33 -> Parmotrema_Crinitum
      Taxon 34 -> Parmotrema_internexum
      Taxon 35 -> Parmotrema_margaritatum
      Taxon 36 -> Parmotrema_mellissii
      Taxon 37 -> Parmotrema_neotropicum
      Taxon 38 -> Parmotrema_stuppeum
      Taxon 39 -> Parmotrema_Ultralucens
      Taxon 40 -> Arthonia_susa
      Taxon 41 -> Mycocalicium_subtile
      Taxon 42 -> Pertusaria_obruta
      Taxon 43 -> Pertusaria_plittiana
      Taxon 44 -> Usnea_cornuta
      Taxon 45 -> Usnea_halei
      Taxon 46 -> Usnea_mutabilis
      Taxon 47 -> Usnea_pensylvanica
      Taxon 48 -> Usnea_subfusca
      Taxon 49 -> Usnea_subgracilis
      Taxon 50 -> Usnea_subscabrosa
      Successfully read matrix
      Setting default partition (does not divide up characters)
      Setting model defaults
      Seed (for generating default start values) = 1554993531
      Setting output file names to "./mito_genes/cox3.nexus.run<i>.<p|t>"
   Exiting characters block
   Reading mrbayes block
      Setting nowarnings to yes
      Setting autoclose to yes
      Setting Nst to 6
      Setting Rates to Gamma
      Successfully set likelihood model parameters
      Setting number of generations to 20000
      Setting burnin fraction to 0.25
      Setting sample frequency to 100
      Setting print frequency to 1000
      Setting diagnosing frequency to 1000
      WARNING: Reallocation of zero size attempted. This is probably a bug. Problems may follow.
      WARNING: Reallocation of zero size attempted. This is probably a bug. Problems may follow.
      Setting number of runs to 3
      WARNING: Allocation of zero size attempted. This is probably a bug; problems may follow.
      Setting number of chains to 3
      Setting heating parameter to 0.400000
      Setting swap frequency to 10
      Setting chain output file names to "./mito_genes/cox3.nexus.run<i>.<p/t>"
      Successfully set chain parameters
      Running Markov chain
      MCMC stamp = 9601728176
      Seed = 144338163
      Swapseed = 1554993531
      Model settings:

         Data not partitioned --
            Datatype  = DNA
            Nucmodel  = 4by4
            Nst       = 6
                        Substitution rates, expressed as proportions
                        of the rate sum, have a Dirichlet prior
                        (1.00,1.00,1.00,1.00,1.00,1.00)
            Covarion  = No
            # States  = 4
                        State frequencies have a Dirichlet prior
                        (1.00,1.00,1.00,1.00)
            Rates     = Gamma
                        The distribution is approximated using 4 categories.
                        Shape parameter is exponentially
                        distributed with parameter (1.00).

      Active parameters: 

         Parameters
         ---------------------
         Revmat              1
         Statefreq           2
         Shape               3
         Ratemultiplier      4
         Topology            5
         Brlens              6
         ---------------------

         1 --  Parameter  = Revmat
               Type       = Rates of reversible rate matrix
               Prior      = Dirichlet(1.00,1.00,1.00,1.00,1.00,1.00)

         2 --  Parameter  = Pi
               Type       = Stationary state frequencies
               Prior      = Dirichlet

         3 --  Parameter  = Alpha
               Type       = Shape of scaled gamma distribution of site rates
               Prior      = Exponential(1.00)

         4 --  Parameter  = Ratemultiplier
               Type       = Partition-specific rate multiplier
               Prior      = Fixed(1.0)

         5 --  Parameter  = Tau
               Type       = Topology
               Prior      = All topologies equally probable a priori
               Subparam.  = V

         6 --  Parameter  = V
               Type       = Branch lengths
               Prior      = Unconstrained:GammaDir(1.0,0.1000,1.0,1.0)



      The MCMC sampler will use the following moves:
         With prob.  Chain will use move
            0.94 %   Dirichlet(Revmat)
            0.94 %   Slider(Revmat)
            0.94 %   Dirichlet(Pi)
            0.94 %   Slider(Pi)
            1.89 %   Multiplier(Alpha)
            9.43 %   ExtSPR(Tau,V)
            9.43 %   ExtTBR(Tau,V)
            9.43 %   NNI(Tau,V)
            9.43 %   ParsSPR(Tau,V)
           37.74 %   Multiplier(V)
           13.21 %   Nodeslider(V)
            5.66 %   TLMultiplier(V)

      Division 1 has 593 unique site patterns
      Initializing conditional likelihoods
      Using standard AVX likelihood calculator for division 1 (single-precision)

      Initial log likelihoods and log prior probs for run 1:
         Chain 1 -- -25638.119072 -- 113.409609
         Chain 2 -- -26267.331346 -- 113.409609
         Chain 3 -- -26850.918888 -- 113.409609

      Initial log likelihoods and log prior probs for run 2:
         Chain 1 -- -27084.506384 -- 113.409609
         Chain 2 -- -26763.973644 -- 113.409609
         Chain 3 -- -25638.278749 -- 113.409609

      Initial log likelihoods and log prior probs for run 3:
         Chain 1 -- -26206.677367 -- 113.409609
         Chain 2 -- -25996.755253 -- 113.409609
         Chain 3 -- -26353.083618 -- 113.409609


      Using a relative burnin of 25.0 % for diagnostics

      Chain results (20000 generations requested):

          0 -- [-25638.119] (-26267.331) (-26850.919) * [-27084.506] (-26763.974) (-25638.279) * [-26206.677] (-25996.755) .. 
       1000 -- (-14050.036) (-14354.989) [-13566.899] * (-13682.739) [-13342.117] (-13610.262) * (-13824.985) [-13524.371] .. -- 0:00:57

      Average standard deviation of split frequencies: 0.101953

       2000 -- (-12720.950) (-12399.668) [-12383.335] * (-12313.981) [-12172.555] (-12250.532) * (-12511.540) [-12260.887] .. -- 0:00:54

      Average standard deviation of split frequencies: 0.152495

       3000 -- (-12353.123) [-12023.665] (-12068.633) * (-11995.633) [-11956.667] (-12063.811) * (-12076.393) [-11979.730] .. -- 0:00:45

      Average standard deviation of split frequencies: 0.186578

       4000 -- (-12251.088) [-11927.991] (-11993.698) * (-11926.277) [-11909.224] (-11988.009) * (-11967.549) [-11892.209] .. -- 0:00:44

      Average standard deviation of split frequencies: 0.193881

       5000 -- (-12091.755) [-11895.827] (-11937.729) * (-11914.007) [-11885.442] (-11914.161) * (-11924.338) [-11885.336] .. -- 0:00:42

      Average standard deviation of split frequencies: 0.173209

       6000 -- (-11930.654) [-11897.097] (-11917.599) * (-11904.502) [-11877.007] (-11935.676) * (-11908.824) [-11888.562] .. -- 0:00:37

      Average standard deviation of split frequencies: 0.162464

       7000 -- (-11959.559) [-11858.512] (-11921.532) * (-11895.784) [-11875.353] (-11933.980) * (-11902.213) [-11865.077] .. -- 0:00:35

      Average standard deviation of split frequencies: 0.151986

       8000 -- (-11926.771) [-11872.247] (-11897.253) * (-11884.030) [-11883.650] (-11941.973) * (-11883.183) [-11849.701] .. -- 0:00:31

      Average standard deviation of split frequencies: 0.139600

       9000 -- (-11948.422) [-11869.729] (-11903.921) * (-11894.825) [-11871.684] (-11948.777) * (-11901.500) [-11863.720] .. -- 0:00:29

      Average standard deviation of split frequencies: 0.134609

      10000 -- (-11919.982) [-11877.187] (-11919.307) * (-11937.092) [-11871.453] (-11912.479) * (-11868.292) [-11880.055] .. -- 0:00:27

      Average standard deviation of split frequencies: 0.127385

      11000 -- (-11887.048) [-11866.771] (-11909.982) * (-11940.734) [-11860.256] (-11905.547) * (-11884.532) [-11859.044] .. -- 0:00:23

      Average standard deviation of split frequencies: 0.122048

      12000 -- (-11877.411) [-11858.064] (-11940.165) * (-11935.228) [-11884.621] (-11891.916) * (-11892.645) [-11871.192] .. -- 0:00:21

      Average standard deviation of split frequencies: 0.117723

      13000 -- (-11905.294) [-11878.651] (-11914.222) * (-11923.471) [-11857.776] (-11896.832) * (-11881.766) [-11856.789] .. -- 0:00:18

      Average standard deviation of split frequencies: 0.111007

      14000 -- (-11906.797) [-11865.032] (-11949.450) * (-11908.894) [-11870.372] (-11876.642) * (-11884.930) [-11860.353] .. -- 0:00:15

      Average standard deviation of split frequencies: 0.107664

      15000 -- (-11897.276) [-11855.119] (-11933.269) * (-11916.378) [-11877.976] (-11896.178) * (-11893.744) [-11860.681] .. -- 0:00:13

      Average standard deviation of split frequencies: 0.100110

      16000 -- (-11908.144) [-11849.023] (-11903.401) * (-11913.432) [-11852.669] (-11933.962) * (-11900.334) [-11870.429] .. -- 0:00:10

      Average standard deviation of split frequencies: 0.093841

      17000 -- (-11937.047) [-11874.931] (-11909.207) * (-11899.231) [-11858.621] (-11897.356) * (-11899.835) [-11875.906] .. -- 0:00:07

      Average standard deviation of split frequencies: 0.088617

      18000 -- (-11941.983) [-11869.577] (-11883.716) * (-11885.748) [-11847.404] (-11909.069) * (-11876.848) [-11860.063] .. -- 0:00:05

      Average standard deviation of split frequencies: 0.083906

      19000 -- (-11956.188) [-11869.054] (-11875.036) * [-11864.413] (-11883.795) (-11928.610) * [-11862.640] (-11881.667) .. -- 0:00:02

      Average standard deviation of split frequencies: 0.083768
      20000 -- (-11940.336) [-11853.965] (-11884.184) * [-11857.492] (-11910.230) (-11897.256) * [-11860.337] (-11899.895) .. -- 0:00:00

      Average standard deviation of split frequencies: 0.083211

      Analysis completed in 53 seconds
      Analysis used 51.44 seconds of CPU time
      Likelihood of best state for "cold" chain of run 1 was -11844.77
      Likelihood of best state for "cold" chain of run 2 was -11866.23
      Likelihood of best state for "cold" chain of run 3 was -11894.81

      Acceptance rates for the moves in the "cold" chain of run 1:
         With prob.   (last 100)   chain accepted proposals by move
            16.9 %     ( 24 %)     Dirichlet(Revmat)
            41.6 %     ( 41 %)     Slider(Revmat)
             8.1 %     ( 12 %)     Dirichlet(Pi)
            29.6 %     ( 32 %)     Slider(Pi)
            24.4 %     ( 20 %)     Multiplier(Alpha)
            10.3 %     ( 12 %)     ExtSPR(Tau,V)
             7.4 %     ( 11 %)     ExtTBR(Tau,V)
            11.7 %     (  9 %)     NNI(Tau,V)
            13.4 %     (  8 %)     ParsSPR(Tau,V)
            48.3 %     ( 32 %)     Multiplier(V)
            33.0 %     ( 30 %)     Nodeslider(V)
            11.3 %     ( 12 %)     TLMultiplier(V)

      Acceptance rates for the moves in the "cold" chain of run 2:
         With prob.   (last 100)   chain accepted proposals by move
            18.4 %     ( 21 %)     Dirichlet(Revmat)
            42.7 %     ( 41 %)     Slider(Revmat)
            14.5 %     ( 16 %)     Dirichlet(Pi)
            22.6 %     ( 23 %)     Slider(Pi)
            21.4 %     ( 18 %)     Multiplier(Alpha)
            11.5 %     (  8 %)     ExtSPR(Tau,V)
             8.0 %     (  5 %)     ExtTBR(Tau,V)
            14.3 %     ( 17 %)     NNI(Tau,V)
            16.2 %     (  9 %)     ParsSPR(Tau,V)
            49.0 %     ( 40 %)     Multiplier(V)
            33.2 %     ( 34 %)     Nodeslider(V)
            12.4 %     ( 16 %)     TLMultiplier(V)

      Acceptance rates for the moves in the "cold" chain of run 3:
         With prob.   (last 100)   chain accepted proposals by move
            18.2 %     ( 21 %)     Dirichlet(Revmat)
            36.9 %     ( 40 %)     Slider(Revmat)
             8.7 %     ( 12 %)     Dirichlet(Pi)
            14.5 %     ( 16 %)     Slider(Pi)
            21.4 %     ( 12 %)     Multiplier(Alpha)
            11.9 %     ( 14 %)     ExtSPR(Tau,V)
             8.2 %     (  7 %)     ExtTBR(Tau,V)
            13.6 %     (  9 %)     NNI(Tau,V)
            13.5 %     ( 12 %)     ParsSPR(Tau,V)
            48.9 %     ( 33 %)     Multiplier(V)
            34.3 %     ( 39 %)     Nodeslider(V)
            11.5 %     ( 16 %)     TLMultiplier(V)

      Chain swap information for run 1:

                 1     2     3 
           --------------------
         1 |        0.04  0.00 
         2 |   680        0.07 
         3 |   660   660       

      Chain swap information for run 2:

                 1     2     3 
           --------------------
         1 |        0.01  0.00 
         2 |   673        0.05 
         3 |   650   677       

      Chain swap information for run 3:

                 1     2     3 
           --------------------
         1 |        0.02  0.00 
         2 |   708        0.06 
         3 |   687   605       

      Upper diagonal: Proportion of successful state exchanges between chains
      Lower diagonal: Number of attempted state exchanges between chains

      Chain information:

        ID -- Heat 
       -----------
         1 -- 1.00  (cold chain)
         2 -- 0.71 
         3 -- 0.56 

      Heat = 1 / (1 + T * (ID - 1))
         (where T = 0.40 is the temperature and ID is the chain number)

   Exiting mrbayes block
   Reached end of file

   Tasks completed, exiting program because mode is noninteractive
   To return control to the command line after completion of file processing, 
   set mode to interactive with 'mb -i <filename>' (i is for interactive)
   or use 'set mode=interactive'

